<?xml version="1.0" encoding="UTF-8"?>
<!-- Generated by org.testng.reporters.JUnitReportReporter -->
<testsuite hostname="D-INE-3T6FBS2" failures="0" tests="1" name="com.runner.runner2" time="11.364" errors="0" timestamp="2023-11-02T11:23:24 IST" skipped="0">
  <testcase classname="com.runner.runner2" name="runScenario" time="11.364"/>
</testsuite> <!-- com.runner.runner2 -->
